










{"messages":[],"object":{"error":" Policy Already Booked In The System\n"}}
{"messages":[],"object":{"error":" Policy Already Booked In The System\n"}}
{"messages":[],"object":{"error":" Policy Already Booked In The System\n"}}
{"messages":[],"object":{"error":" Policy Already Booked In The System\n"}}
{"messages":[],"object":{"error":" Policy Already Booked In The System\n"}}{"messages":[],"object":{"error":" Policy Already Booked In The System\n"}}
{"messages":[],"object":{"error":" Policy Already Booked In The System\n"}}
{"messages":[],"object":{"error":" Policy Already Booked In The System\n"}}
{"messages":[],"object":{"error":" Policy Already Booked In The System\n"}}
{"messages":[],"object":{"error":" Policy Already Booked In The System\n"}}
{"messages":[],"object":{"error":" Policy Already Booked In The System\n"}}
{"messages":[],"object":{"error":" Policy Already Booked In The System\n"}}
{"messages":[],"object":{"error":" Policy Already Booked In The System\n"}}
{"messages":[],"object":{"error":" Policy Already Booked In The System\n"}}
{"messages":[],"object":{"error":" Policy Already Booked In The System\n"}}
{"messages":[],"object":{"error":" Policy Already Booked In The System\n"}}
{"messages":[],"object":{"error":" Policy Already Booked In The System\n"}}
{"messages":[],"object":{"error":" Policy Already Booked In The System\n"}}
{"messages":[],"object":{"error":" Policy Already Booked In The System\n"}}
{"messages":[],"object":{"error":" Policy Already Booked In The System\n"}}
{"messages":[],"object":{"error":" Policy Already Booked In The System\n"}}
{"messages":[],"object":{"error":" Policy Already Booked In The System\n"}}
{"messages":[],"object":{"error":" Policy Already Booked In The System\n"}}
{"messages":[],"object":{"error":" Policy Already Booked In The System\n"}}
{"messages":[],"object":{"error":" Policy Already Booked In The System\n"}}
{"messages":[],"object":{"error":" Policy Already Booked In The System\n"}}
{"messages":[],"object":{"batchno":"225600249","premium":"4651","wet":"14-Nov-2022","policyno":"020/0700/1/171352/2022/10"}}
{"messages":[],"object":{"batchno":"225600250","premium":"4651","wet":"14-Nov-2022","policyno":"020/0700/1/171353/2022/10"}}

{"messages":[],"object":{"error":" Policy Already Booked In The System\n"}}
{"messages":[],"object":{"error":" Policy Already Booked In The System\n"}}
{"messages":[],"object":{"error":" Policy Already Booked In The System\n"}}
{"messages":[],"object":{"error":" Policy Already Booked In The System\n"}}
{"messages":[],"object":{"error":" Policy Already Booked In The System\n"}}
{"messages":[],"object":{"error":" Policy Already Booked In The System\n"}}
{"messages":[],"object":{"error":" Policy Already Booked In The System\n"}}
{"messages":[],"object":{"batchno":"225600296","premium":"4631","wet":"18-Nov-2022","policyno":"020/0700/1/171361/2022/10"}}
{"messages":[],"object":{"error":"ORA-12899: value too large for column \"TQ_CRM\".\"TQC_CLIENTS\".\"CLNT_GENDER\" (actual: 4, maximum: 1)\nORA-06512: at \"TQ_GIS.CREATE_CLIENT_DATA\", line 265\nORA-06512: at \"TQ_GIS.GIN_THIRDPARTY_INTEGRATION_PKG\", line 172\nORA-06512: at line 1\n"}}
{"messages":[],"object":{"error":"ORA-12899: value too large for column \"TQ_CRM\".\"TQC_CLIENTS\".\"CLNT_GENDER\" (actual: 4, maximum: 1)\nORA-06512: at \"TQ_GIS.CREATE_CLIENT_DATA\", line 265\nORA-06512: at \"TQ_GIS.GIN_THIRDPARTY_INTEGRATION_PKG\", line 172\nORA-06512: at line 1\n"}}
{"messages":[],"object":{"error":"ORA-12899: value too large for column \"TQ_CRM\".\"TQC_CLIENTS\".\"CLNT_GENDER\" (actual: 4, maximum: 1)\nORA-06512: at \"TQ_GIS.CREATE_CLIENT_DATA\", line 265\nORA-06512: at \"TQ_GIS.GIN_THIRDPARTY_INTEGRATION_PKG\", line 172\nORA-06512: at line 1\n"}}
{"messages":[],"object":{"error":"ORA-12899: value too large for column \"TQ_CRM\".\"TQC_CLIENTS\".\"CLNT_GENDER\" (actual: 4, maximum: 1)\nORA-06512: at \"TQ_GIS.CREATE_CLIENT_DATA\", line 265\nORA-06512: at \"TQ_GIS.GIN_THIRDPARTY_INTEGRATION_PKG\", line 172\nORA-06512: at line 1\n"}}
{"messages":[],"object":{"error":" Cannot Compute Premium with VALUE OF  VEHICLE  Limit being zero...\n"}}
{"messages":[],"object":{"error":" Cannot Compute Premium with VALUE OF  VEHICLE  Limit being zero...\n"}}{"messages":[],"object":{"error":" Cannot Compute Premium with VALUE OF  VEHICLE  Limit being zero...\n"}}{"messages":[],"object":{"error":" Cannot Compute Premium with VALUE OF  VEHICLE  Limit being zero...\n"}}{"messages":[],"object":{"error":" Cannot Compute Premium with VALUE OF  VEHICLE  Limit being zero...\n"}}
{"messages":[],"object":{"error":" Cannot Compute Premium with VALUE OF  VEHICLE  Limit being zero...\n"}}
{"messages":[],"object":{"error":" Cannot Compute Premium with VALUE OF  VEHICLE  Limit being zero...\n"}}
{"messages":[],"object":{"batchno":"225600313","premium":"25369","wet":"18-Nov-2022","policyno":"020/0700/1/171373/2022/10"}}
{"messages":[],"object":{"batchno":"225600316","premium":"100020","wet":"18-Nov-2022","policyno":"020/0700/1/171375/2022/10"}}
{"messages":[],"object":{"batchno":"225600317","premium":"2608","wet":"18-Nov-2022","policyno":"020/0700/1/171376/2022/10"}}
{"messages":[],"object":{"error":"ORA-01400: cannot insert NULL into (\"TQ_GIS\".\"GIN_INSURED_PROPERTY_UNDS\".\"IPU_ITEM_DESC\")\nORA-06512: at \"TQ_GIS.GIN_STP_PKG\", line 15993\nORA-06512: at \"TQ_GIS.GIN_THIRDPARTY_INTEGRATION_PKG\", line 569\nORA-06512: at line 1\n"}}
