{"Body":{"stkCallback":{"MerchantRequestID":"16182-5301116-1","CheckoutRequestID":"ws_CO_11112021204842777461","ResultCode":1032,"ResultDesc":"Request cancelled by user"}}}
{"ResultCode":0,"ResultDesc":"Confirmation recieved successfu"}{
            "TransactionType": "Pay Bill",
            "TransID": "PKB1J4A3CD",
            "TransTime": "20211111204928",
            "TransAmount": "5.00",
            "BusinessShortCode": "7290377",
            "BillRefNumber": "KAA 666A",
            "InvoiceNumber": "",
            "OrgAccountBalance": "538.00",
            "ThirdPartyTransID": "",
            "MSISDN": "254743996757",
            "FirstName": "Erick",
            "MiddleName": "Soi",
            "LastName": "Ngumbau"
        }
        
{"ResultCode":0,"ResultDesc":"Confirmation recieved successfu"}{"Body":{"stkCallback":{"MerchantRequestID":"102253-11513426-1","CheckoutRequestID":"ws_CO_11112021204921681930","ResultCode":0,"ResultDesc":"The service request is processed successfully.","CallbackMetadata":{"Item":[{"Name":"Amount","Value":5.00},{"Name":"MpesaReceiptNumber","Value":"PKB1J4A3CD"},{"Name":"Balance"},{"Name":"TransactionDate","Value":20211111204928},{"Name":"PhoneNumber","Value":254743996757}]}}}}
{"ResultCode":0,"ResultDesc":"Confirmation recieved successfu"}{"Body":{"stkCallback":{"MerchantRequestID":"102256-11517281-1","CheckoutRequestID":"ws_CO_11112021205114468199","ResultCode":1032,"ResultDesc":"Request cancelled by user"}}}
{"ResultCode":0,"ResultDesc":"Confirmation recieved successfu"}{"Body":{"stkCallback":{"MerchantRequestID":"23711-11154956-1","CheckoutRequestID":"ws_CO_11112021205248572532","ResultCode":1032,"ResultDesc":"Request cancelled by user"}}}
{"ResultCode":0,"ResultDesc":"Confirmation recieved successfu"}{"Body":{"stkCallback":{"MerchantRequestID":"23276-33851497-1","CheckoutRequestID":"ws_CO_11112021205409184265","ResultCode":1032,"ResultDesc":"Request cancelled by user"}}}
{"ResultCode":0,"ResultDesc":"Confirmation recieved successfu"}{"Body":{"stkCallback":{"MerchantRequestID":"23719-11180815-1","CheckoutRequestID":"ws_CO_11112021210600990317","ResultCode":0,"ResultDesc":"The service request is processed successfully.","CallbackMetadata":{"Item":[{"Name":"Amount","Value":5.00},{"Name":"MpesaReceiptNumber","Value":"PKB6J59PTE"},{"Name":"Balance"},{"Name":"TransactionDate","Value":20211111210605},{"Name":"PhoneNumber","Value":254743996757}]}}}}
{"ResultCode":0,"ResultDesc":"Confirmation recieved successfu"}{
            "TransactionType": "Pay Bill",
            "TransID": "PKB6J59PTE",
            "TransTime": "20211111210605",
            "TransAmount": "5.00",
            "BusinessShortCode": "7290377",
            "BillRefNumber": "KAA 666A",
            "InvoiceNumber": "",
            "OrgAccountBalance": "543.00",
            "ThirdPartyTransID": "",
            "MSISDN": "254743996757",
            "FirstName": "Erick",
            "MiddleName": "Soi",
            "LastName": "Ngumbau"
        }
        
{"ResultCode":0,"ResultDesc":"Confirmation recieved successfu"}{"Body":{"stkCallback":{"MerchantRequestID":"39686-11625298-1","CheckoutRequestID":"ws_CO_11112021210748983936","ResultCode":0,"ResultDesc":"The service request is processed successfully.","CallbackMetadata":{"Item":[{"Name":"Amount","Value":5.00},{"Name":"MpesaReceiptNumber","Value":"PKB5J5DYTZ"},{"Name":"Balance"},{"Name":"TransactionDate","Value":20211111210759},{"Name":"PhoneNumber","Value":254743996757}]}}}}
{"ResultCode":0,"ResultDesc":"Confirmation recieved successfu"}{
            "TransactionType": "Pay Bill",
            "TransID": "PKB5J5DYTZ",
            "TransTime": "20211111210759",
            "TransAmount": "5.00",
            "BusinessShortCode": "7290377",
            "BillRefNumber": "KAA 666A",
            "InvoiceNumber": "",
            "OrgAccountBalance": "548.00",
            "ThirdPartyTransID": "",
            "MSISDN": "254743996757",
            "FirstName": "Erick",
            "MiddleName": "Soi",
            "LastName": "Ngumbau"
        }
        
{"ResultCode":0,"ResultDesc":"Confirmation recieved successfu"}{"Result":{"ResultType":0,"ResultCode":0,"ResultDesc":"The service request is processed successfully.","OriginatorConversationID":"102248-11552131-1","ConversationID":"AG_20211111_205053a71778bf84e6b6","TransactionID":"PKB0000000","ResultParameters":{"ResultParameter":[{"Key":"ActionType","Value":"AccountBalance"},{"Key":"AccountBalance","Value":"Working Account|KES|0.00|0.00|0.00|0.00&Utility Account|KES|20.64|20.64|0.00|0.00&Charges Paid Account|KES|0.00|0.00|0.00|0.00"},{"Key":"BOCompletedTime","Value":20211111210849}]},"ReferenceData":{"ReferenceItem":{"Key":"QueueTimeoutURL","Value":"https:\/\/internalapi.safaricom.co.ke\/mpesa\/abresults\/v1\/submit"}}}}
{"ResultCode":0,"ResultDesc":"Confirmation recieved successfu"}{"Result":{"ResultType":0,"ResultCode":0,"ResultDesc":"The service request is processed successfully.","OriginatorConversationID":"7576-32945946-1","ConversationID":"AG_20211111_2040729fb34886d05682","TransactionID":"PKB0000000","ResultParameters":{"ResultParameter":[{"Key":"ActionType","Value":"AccountBalance"},{"Key":"AccountBalance","Value":"Working Account|KES|0.00|0.00|0.00|0.00&Utility Account|KES|548.00|548.00|0.00|0.00&Charges Paid Account|KES|0.00|0.00|0.00|0.00&Organization Settlement Account|KES|0.00|0.00|0.00|0.00"},{"Key":"BOCompletedTime","Value":20211111210930}]},"ReferenceData":{"ReferenceItem":{"Key":"QueueTimeoutURL","Value":"https:\/\/internalapi.safaricom.co.ke\/mpesa\/abresults\/v1\/submit"}}}}
{"ResultCode":0,"ResultDesc":"Confirmation recieved successfu"}{"Result":{"ResultType":0,"ResultCode":0,"ResultDesc":"The service request is processed successfully.","OriginatorConversationID":"91860-33809905-1","ConversationID":"AG_20211111_204055aa85688cf97411","TransactionID":"PKB0000000","ResultParameters":{"ResultParameter":[{"Key":"ActionType","Value":"AccountBalance"},{"Key":"AccountBalance","Value":"Working Account|KES|0.00|0.00|0.00|0.00&Utility Account|KES|548.00|548.00|0.00|0.00&Charges Paid Account|KES|0.00|0.00|0.00|0.00&Organization Settlement Account|KES|0.00|0.00|0.00|0.00"},{"Key":"BOCompletedTime","Value":20211111211018}]},"ReferenceData":{"ReferenceItem":{"Key":"QueueTimeoutURL","Value":"https:\/\/internalapi.safaricom.co.ke\/mpesa\/abresults\/v1\/submit"}}}}
{"ResultCode":0,"ResultDesc":"Confirmation recieved successfu"}{"Result":{"ResultType":0,"ResultCode":0,"ResultDesc":"The service request is processed successfully.","OriginatorConversationID":"16179-5343744-1","ConversationID":"AG_20211111_203051d5064b152fd337","TransactionID":"PKB0000000","ResultParameters":{"ResultParameter":[{"Key":"ActionType","Value":"AccountBalance"},{"Key":"AccountBalance","Value":"Working Account|KES|0.00|0.00|0.00|0.00&Utility Account|KES|548.00|548.00|0.00|0.00&Charges Paid Account|KES|0.00|0.00|0.00|0.00&Organization Settlement Account|KES|0.00|0.00|0.00|0.00"},{"Key":"BOCompletedTime","Value":20211111211034}]},"ReferenceData":{"ReferenceItem":{"Key":"QueueTimeoutURL","Value":"https:\/\/internalapi.safaricom.co.ke\/mpesa\/abresults\/v1\/submit"}}}}
{"ResultCode":0,"ResultDesc":"Confirmation recieved successfu"}{"Result":{"ResultType":0,"ResultCode":0,"ResultDesc":"The service request is processed successfully.","OriginatorConversationID":"7576-32948351-1","ConversationID":"AG_20211111_204065530296d17c49c8","TransactionID":"PKB0000000","ResultParameters":{"ResultParameter":[{"Key":"ActionType","Value":"AccountBalance"},{"Key":"AccountBalance","Value":"Working Account|KES|0.00|0.00|0.00|0.00&Utility Account|KES|20.64|20.64|0.00|0.00&Charges Paid Account|KES|0.00|0.00|0.00|0.00"},{"Key":"BOCompletedTime","Value":20211111211044}]},"ReferenceData":{"ReferenceItem":{"Key":"QueueTimeoutURL","Value":"https:\/\/internalapi.safaricom.co.ke\/mpesa\/abresults\/v1\/submit"}}}}
{"ResultCode":0,"ResultDesc":"Confirmation recieved successfu"}{"Result":{"ResultType":0,"ResultCode":0,"ResultDesc":"The service request is processed successfully.","OriginatorConversationID":"114374-11469798-1","ConversationID":"AG_20211111_20304870ba4c2c7572e4","TransactionID":"PKB0000000","ResultParameters":{"ResultParameter":[{"Key":"ActionType","Value":"AccountBalance"},{"Key":"AccountBalance","Value":"Working Account|KES|0.00|0.00|0.00|0.00&Utility Account|KES|20.64|20.64|0.00|0.00&Charges Paid Account|KES|0.00|0.00|0.00|0.00"},{"Key":"BOCompletedTime","Value":20211111211108}]},"ReferenceData":{"ReferenceItem":{"Key":"QueueTimeoutURL","Value":"https:\/\/internalapi.safaricom.co.ke\/mpesa\/abresults\/v1\/submit"}}}}
{"ResultCode":0,"ResultDesc":"Confirmation recieved successfu"}{"Result":{"ResultType":0,"ResultCode":0,"ResultDesc":"The service request is processed successfully.","OriginatorConversationID":"126795-33880674-1","ConversationID":"AG_20211111_202041b64ebeeaea2481","TransactionID":"PKB0000000","ResultParameters":{"ResultParameter":[{"Key":"ActionType","Value":"AccountBalance"},{"Key":"AccountBalance","Value":"Working Account|KES|0.00|0.00|0.00|0.00&Utility Account|KES|548.00|548.00|0.00|0.00&Charges Paid Account|KES|0.00|0.00|0.00|0.00&Organization Settlement Account|KES|0.00|0.00|0.00|0.00"},{"Key":"BOCompletedTime","Value":20211111211119}]},"ReferenceData":{"ReferenceItem":{"Key":"QueueTimeoutURL","Value":"https:\/\/internalapi.safaricom.co.ke\/mpesa\/abresults\/v1\/submit"}}}}
{"ResultCode":0,"ResultDesc":"Confirmation recieved successfu"}{"Result":{"ResultType":0,"ResultCode":0,"ResultDesc":"The service request is processed successfully.","OriginatorConversationID":"23275-33886709-1","ConversationID":"AG_20211111_205039cc8ac5d6da11e4","TransactionID":"PKB0000000","ResultParameters":{"ResultParameter":[{"Key":"ActionType","Value":"AccountBalance"},{"Key":"AccountBalance","Value":"Working Account|KES|0.00|0.00|0.00|0.00&Utility Account|KES|548.00|548.00|0.00|0.00&Charges Paid Account|KES|0.00|0.00|0.00|0.00&Organization Settlement Account|KES|0.00|0.00|0.00|0.00"},{"Key":"BOCompletedTime","Value":20211111211218}]},"ReferenceData":{"ReferenceItem":{"Key":"QueueTimeoutURL","Value":"https:\/\/internalapi.safaricom.co.ke\/mpesa\/abresults\/v1\/submit"}}}}
{"ResultCode":0,"ResultDesc":"Confirmation recieved successfu"}{"Result":{"ResultType":0,"ResultCode":0,"ResultDesc":"The service request is processed successfully.","OriginatorConversationID":"16179-5347304-1","ConversationID":"AG_20211111_20401f794cd5a3130984","TransactionID":"PKB0000000","ResultParameters":{"ResultParameter":[{"Key":"ActionType","Value":"AccountBalance"},{"Key":"AccountBalance","Value":"Working Account|KES|0.00|0.00|0.00|0.00&Utility Account|KES|548.00|548.00|0.00|0.00&Charges Paid Account|KES|0.00|0.00|0.00|0.00&Organization Settlement Account|KES|0.00|0.00|0.00|0.00"},{"Key":"BOCompletedTime","Value":20211111211229}]},"ReferenceData":{"ReferenceItem":{"Key":"QueueTimeoutURL","Value":"https:\/\/internalapi.safaricom.co.ke\/mpesa\/abresults\/v1\/submit"}}}}
{"ResultCode":0,"ResultDesc":"Confirmation recieved successfu"}{"Body":{"stkCallback":{"MerchantRequestID":"102249-11596095-1","CheckoutRequestID":"ws_CO_11112021213224556883","ResultCode":1032,"ResultDesc":"Request cancelled by user"}}}
{"ResultCode":0,"ResultDesc":"Confirmation recieved successfu"}{"Body":{"stkCallback":{"MerchantRequestID":"39663-11673166-1","CheckoutRequestID":"ws_CO_11112021213308741715","ResultCode":1032,"ResultDesc":"Request cancelled by user"}}}
{"ResultCode":0,"ResultDesc":"Confirmation recieved successfu"}{"Body":{"stkCallback":{"MerchantRequestID":"23250-33953208-1","CheckoutRequestID":"ws_CO_11112021214919843580","ResultCode":1032,"ResultDesc":"Request cancelled by user"}}}
{"ResultCode":0,"ResultDesc":"Confirmation recieved successfu"}{"Body":{"stkCallback":{"MerchantRequestID":"102255-11628086-1","CheckoutRequestID":"ws_CO_11112021215008301871","ResultCode":1032,"ResultDesc":"Request cancelled by user"}}}
{"ResultCode":0,"ResultDesc":"Confirmation recieved successfu"}{"Body":{"stkCallback":{"MerchantRequestID":"114382-11542662-1","CheckoutRequestID":"ws_CO_11112021215059209572","ResultCode":1032,"ResultDesc":"Request cancelled by user"}}}
{"ResultCode":0,"ResultDesc":"Confirmation recieved successfu"}{"Body":{"stkCallback":{"MerchantRequestID":"23273-33957556-1","CheckoutRequestID":"ws_CO_11112021215145458734","ResultCode":1032,"ResultDesc":"Request cancelled by user"}}}
{"ResultCode":0,"ResultDesc":"Confirmation recieved successfu"}{"Body":{"stkCallback":{"MerchantRequestID":"102258-11632179-1","CheckoutRequestID":"ws_CO_11112021215223344497","ResultCode":1032,"ResultDesc":"Request cancelled by user"}}}
{"ResultCode":0,"ResultDesc":"Confirmation recieved successfu"}{"Body":{"stkCallback":{"MerchantRequestID":"102249-11634615-1","CheckoutRequestID":"ws_CO_11112021215347221349","ResultCode":1032,"ResultDesc":"Request cancelled by user"}}}
{"ResultCode":0,"ResultDesc":"Confirmation recieved successfu"}{"Body":{"stkCallback":{"MerchantRequestID":"126783-33959560-1","CheckoutRequestID":"ws_CO_11112021215444051715","ResultCode":1032,"ResultDesc":"Request cancelled by user"}}}
{"ResultCode":0,"ResultDesc":"Confirmation recieved successfu"}{"Body":{"stkCallback":{"MerchantRequestID":"91861-33893510-1","CheckoutRequestID":"ws_CO_11112021215536415466","ResultCode":1032,"ResultDesc":"Request cancelled by user"}}}
{"ResultCode":0,"ResultDesc":"Confirmation recieved successfu"}{"Body":{"stkCallback":{"MerchantRequestID":"19897-11366044-1","CheckoutRequestID":"ws_CO_11112021215728005486","ResultCode":2001,"ResultDesc":"The initiator information is invalid."}}}
{"ResultCode":0,"ResultDesc":"Confirmation recieved successfu"}{"Body":{"stkCallback":{"MerchantRequestID":"23278-33969553-1","CheckoutRequestID":"ws_CO_11112021215838263529","ResultCode":0,"ResultDesc":"The service request is processed successfully.","CallbackMetadata":{"Item":[{"Name":"Amount","Value":5.00},{"Name":"MpesaReceiptNumber","Value":"PKB7J7RPEF"},{"Name":"Balance"},{"Name":"TransactionDate","Value":20211111215848},{"Name":"PhoneNumber","Value":254743996757}]}}}}
{"ResultCode":0,"ResultDesc":"Confirmation recieved successfu"}{
            "TransactionType": "Pay Bill",
            "TransID": "PKB7J7RPEF",
            "TransTime": "20211111215848",
            "TransAmount": "5.00",
            "BusinessShortCode": "7290377",
            "BillRefNumber": "KAA 123s",
            "InvoiceNumber": "",
            "OrgAccountBalance": "553.00",
            "ThirdPartyTransID": "",
            "MSISDN": "254743996757",
            "FirstName": "Erick",
            "MiddleName": "Soi",
            "LastName": "Ngumbau"
        }
        
{"ResultCode":0,"ResultDesc":"Confirmation recieved successfu"}{"Body":{"stkCallback":{"MerchantRequestID":"16170-5431285-1","CheckoutRequestID":"ws_CO_11112021215929592198","ResultCode":1032,"ResultDesc":"Request cancelled by user"}}}
{"ResultCode":0,"ResultDesc":"Confirmation recieved successfu"}{"Body":{"stkCallback":{"MerchantRequestID":"23718-11283300-1","CheckoutRequestID":"ws_CO_11112021220319468817","ResultCode":1032,"ResultDesc":"Request cancelled by user"}}}
{"ResultCode":0,"ResultDesc":"Confirmation recieved successfu"}{"Body":{"stkCallback":{"MerchantRequestID":"23722-11284192-1","CheckoutRequestID":"ws_CO_11112021220353484932","ResultCode":1032,"ResultDesc":"Request cancelled by user"}}}
{"ResultCode":0,"ResultDesc":"Confirmation recieved successfu"}{"Body":{"stkCallback":{"MerchantRequestID":"16187-5439233-1","CheckoutRequestID":"ws_CO_11112021220424274086","ResultCode":1032,"ResultDesc":"Request cancelled by user"}}}
{"ResultCode":0,"ResultDesc":"Confirmation recieved successfu"}{"Body":{"stkCallback":{"MerchantRequestID":"39686-11730722-1","CheckoutRequestID":"ws_CO_11112021220524473665","ResultCode":1032,"ResultDesc":"Request cancelled by user"}}}
{"ResultCode":0,"ResultDesc":"Confirmation recieved successfu"}{"Body":{"stkCallback":{"MerchantRequestID":"126791-33978960-1","CheckoutRequestID":"ws_CO_11112021220609785968","ResultCode":1032,"ResultDesc":"Request cancelled by user"}}}
{"ResultCode":0,"ResultDesc":"Confirmation recieved successfu"}{"Body":{"stkCallback":{"MerchantRequestID":"91853-33912256-1","CheckoutRequestID":"ws_CO_11112021220630928620","ResultCode":1032,"ResultDesc":"Request cancelled by user"}}}
{"ResultCode":0,"ResultDesc":"Confirmation recieved successfu"}{"Body":{"stkCallback":{"MerchantRequestID":"23278-34003489-1","CheckoutRequestID":"ws_CO_11112021222053644514","ResultCode":1032,"ResultDesc":"Request cancelled by user"}}}
{"ResultCode":0,"ResultDesc":"Confirmation recieved successfu"}{"Body":{"stkCallback":{"MerchantRequestID":"19883-11403862-1","CheckoutRequestID":"ws_CO_11112021222211511641","ResultCode":1032,"ResultDesc":"Request cancelled by user"}}}
{"ResultCode":0,"ResultDesc":"Confirmation recieved successfu"}{"Body":{"stkCallback":{"MerchantRequestID":"19883-11406677-1","CheckoutRequestID":"ws_CO_11112021222413831439","ResultCode":1032,"ResultDesc":"Request cancelled by user"}}}
{"ResultCode":0,"ResultDesc":"Confirmation recieved successfu"}{"Body":{"stkCallback":{"MerchantRequestID":"126790-34006404-1","CheckoutRequestID":"ws_CO_11112021222435507699","ResultCode":1032,"ResultDesc":"Request cancelled by user"}}}
{"ResultCode":0,"ResultDesc":"Confirmation recieved successfu"}{"Body":{"stkCallback":{"MerchantRequestID":"19888-11408211-1","CheckoutRequestID":"ws_CO_11112021222519861639","ResultCode":1032,"ResultDesc":"Request cancelled by user"}}}
{"ResultCode":0,"ResultDesc":"Confirmation recieved successfu"}{"Body":{"stkCallback":{"MerchantRequestID":"102257-11684904-1","CheckoutRequestID":"ws_CO_11112021222540968608","ResultCode":1032,"ResultDesc":"Request cancelled by user"}}}
{"ResultCode":0,"ResultDesc":"Confirmation recieved successfu"}{"Body":{"stkCallback":{"MerchantRequestID":"91855-33942739-1","CheckoutRequestID":"ws_CO_11112021222651138175","ResultCode":1032,"ResultDesc":"Request cancelled by user"}}}
{"ResultCode":0,"ResultDesc":"Confirmation recieved successfu"}{"Body":{"stkCallback":{"MerchantRequestID":"16192-5474901-1","CheckoutRequestID":"ws_CO_11112021222902251769","ResultCode":1032,"ResultDesc":"Request cancelled by user"}}}
{"ResultCode":0,"ResultDesc":"Confirmation recieved successfu"}{"Body":{"stkCallback":{"MerchantRequestID":"23276-34047827-1","CheckoutRequestID":"ws_CO_11112021225621045059","ResultCode":1032,"ResultDesc":"Request cancelled by user"}}}
{"ResultCode":0,"ResultDesc":"Confirmation recieved successfu"}{"Body":{"stkCallback":{"MerchantRequestID":"23732-11356850-1","CheckoutRequestID":"ws_CO_11112021225910671119","ResultCode":1032,"ResultDesc":"Request cancelled by user"}}}
{"ResultCode":0,"ResultDesc":"Confirmation recieved successfu"}{"Body":{"stkCallback":{"MerchantRequestID":"20645-11315589-1","CheckoutRequestID":"ws_CO_11112021230215956319","ResultCode":1032,"ResultDesc":"Request cancelled by user"}}}
{"ResultCode":0,"ResultDesc":"Confirmation recieved successfu"}{"Body":{"stkCallback":{"MerchantRequestID":"102241-11732899-1","CheckoutRequestID":"ws_CO_11112021230427065769","ResultCode":1032,"ResultDesc":"Request cancelled by user"}}}
{"ResultCode":0,"ResultDesc":"Confirmation recieved successfu"}{"Body":{"stkCallback":{"MerchantRequestID":"102246-11736449-1","CheckoutRequestID":"ws_CO_11112021230747468404","ResultCode":1032,"ResultDesc":"Request cancelled by user"}}}
{"ResultCode":0,"ResultDesc":"Confirmation recieved successfu"}{"Body":{"stkCallback":{"MerchantRequestID":"102251-11737916-1","CheckoutRequestID":"ws_CO_11112021230913196887","ResultCode":1032,"ResultDesc":"Request cancelled by user"}}}
{"ResultCode":0,"ResultDesc":"Confirmation recieved successfu"}{"Body":{"stkCallback":{"MerchantRequestID":"7561-33129145-1","CheckoutRequestID":"ws_CO_11112021231206423309","ResultCode":1037,"ResultDesc":"DS timeout."}}}
{"ResultCode":0,"ResultDesc":"Confirmation recieved successfu"}{"Body":{"stkCallback":{"MerchantRequestID":"20658-11329463-1","CheckoutRequestID":"ws_CO_11112021231633050956","ResultCode":1037,"ResultDesc":"DS timeout."}}}
{"ResultCode":0,"ResultDesc":"Confirmation recieved successfu"}{"Body":{"stkCallback":{"MerchantRequestID":"114381-11659851-1","CheckoutRequestID":"ws_CO_11112021231925727629","ResultCode":1037,"ResultDesc":"DS timeout."}}}
{"ResultCode":0,"ResultDesc":"Confirmation recieved successfu"}{"Body":{"stkCallback":{"MerchantRequestID":"23728-11381892-1","CheckoutRequestID":"ws_CO_11112021232506658862","ResultCode":1032,"ResultDesc":"Request cancelled by user"}}}
{"ResultCode":0,"ResultDesc":"Confirmation recieved successfu"}{"Body":{"stkCallback":{"MerchantRequestID":"7567-33142762-1","CheckoutRequestID":"ws_CO_11112021232700188811","ResultCode":1032,"ResultDesc":"Request cancelled by user"}}}
{"ResultCode":0,"ResultDesc":"Confirmation recieved successfu"}{"Body":{"stkCallback":{"MerchantRequestID":"39675-11832543-1","CheckoutRequestID":"ws_CO_11112021232733678833","ResultCode":1032,"ResultDesc":"Request cancelled by user"}}}
{"ResultCode":0,"ResultDesc":"Confirmation recieved successfu"}{"Body":{"stkCallback":{"MerchantRequestID":"91848-34012527-1","CheckoutRequestID":"ws_CO_11112021232825977789","ResultCode":1032,"ResultDesc":"Request cancelled by user"}}}
{"ResultCode":0,"ResultDesc":"Confirmation recieved successfu"}{"Body":{"stkCallback":{"MerchantRequestID":"102261-11756672-1","CheckoutRequestID":"ws_CO_11112021232906440785","ResultCode":1032,"ResultDesc":"Request cancelled by user"}}}
{"ResultCode":0,"ResultDesc":"Confirmation recieved successfu"}{"Body":{"stkCallback":{"MerchantRequestID":"126783-34088530-1","CheckoutRequestID":"ws_CO_11112021234052774251","ResultCode":1032,"ResultDesc":"Request cancelled by user"}}}
{"ResultCode":0,"ResultDesc":"Confirmation recieved successfu"}{"Body":{"stkCallback":{"MerchantRequestID":"114381-11677939-1","CheckoutRequestID":"ws_CO_11112021234117606995","ResultCode":1032,"ResultDesc":"Request cancelled by user"}}}
{"ResultCode":0,"ResultDesc":"Confirmation recieved successfu"}{"Body":{"stkCallback":{"MerchantRequestID":"16175-5549859-1","CheckoutRequestID":"ws_CO_11112021234214464250","ResultCode":1032,"ResultDesc":"Request cancelled by user"}}}
{"ResultCode":0,"ResultDesc":"Confirmation recieved successfu"}{"Body":{"stkCallback":{"MerchantRequestID":"102241-11777171-1","CheckoutRequestID":"ws_CO_11112021235517740460","ResultCode":1032,"ResultDesc":"Request cancelled by user"}}}
{"ResultCode":0,"ResultDesc":"Confirmation recieved successfu"}{"Body":{"stkCallback":{"MerchantRequestID":"114366-11689271-1","CheckoutRequestID":"ws_CO_11112021235653530039","ResultCode":1032,"ResultDesc":"Request cancelled by user"}}}
{"ResultCode":0,"ResultDesc":"Confirmation recieved successfu"}{"Body":{"stkCallback":{"MerchantRequestID":"23282-34100361-1","CheckoutRequestID":"ws_CO_11112021235743646750","ResultCode":1032,"ResultDesc":"Request cancelled by user"}}}
{"ResultCode":0,"ResultDesc":"Confirmation recieved successfu"}{"Body":{"stkCallback":{"MerchantRequestID":"39673-11856787-1","CheckoutRequestID":"ws_CO_11112021235819837670","ResultCode":1032,"ResultDesc":"Request cancelled by user"}}}
{"ResultCode":0,"ResultDesc":"Confirmation recieved successfu"}{"Body":{"stkCallback":{"MerchantRequestID":"19883-11500157-1","CheckoutRequestID":"ws_CO_11112021235953334469","ResultCode":1032,"ResultDesc":"Request cancelled by user"}}}
{"ResultCode":0,"ResultDesc":"Confirmation recieved successfu"}{"Body":{"stkCallback":{"MerchantRequestID":"39672-11859565-1","CheckoutRequestID":"ws_CO_12112021000204447974","ResultCode":1032,"ResultDesc":"Request cancelled by user"}}}
{"ResultCode":0,"ResultDesc":"Confirmation recieved successfu"}{"Body":{"stkCallback":{"MerchantRequestID":"91848-34040588-1","CheckoutRequestID":"ws_CO_12112021000513041459","ResultCode":1032,"ResultDesc":"Request cancelled by user"}}}
{"ResultCode":0,"ResultDesc":"Confirmation recieved successfu"}{"Body":{"stkCallback":{"MerchantRequestID":"23724-11411382-1","CheckoutRequestID":"ws_CO_12112021000547837245","ResultCode":1032,"ResultDesc":"Request cancelled by user"}}}
{"ResultCode":0,"ResultDesc":"Confirmation recieved successfu"}{"Body":{"stkCallback":{"MerchantRequestID":"19874-11505749-1","CheckoutRequestID":"ws_CO_12112021000830551611","ResultCode":1032,"ResultDesc":"Request cancelled by user"}}}
{"ResultCode":0,"ResultDesc":"Confirmation recieved successfu"}{"Body":{"stkCallback":{"MerchantRequestID":"23712-11413104-1","CheckoutRequestID":"ws_CO_12112021000838174809","ResultCode":1032,"ResultDesc":"Request cancelled by user"}}}
{"ResultCode":0,"ResultDesc":"Confirmation recieved successfu"}{"Body":{"stkCallback":{"MerchantRequestID":"102257-11787137-1","CheckoutRequestID":"ws_CO_12112021000939893767","ResultCode":1032,"ResultDesc":"Request cancelled by user"}}}
{"ResultCode":0,"ResultDesc":"Confirmation recieved successfu"}{"Body":{"stkCallback":{"MerchantRequestID":"7569-33174224-1","CheckoutRequestID":"ws_CO_12112021001103287707","ResultCode":1032,"ResultDesc":"Request cancelled by user"}}}
{"ResultCode":0,"ResultDesc":"Confirmation recieved successfu"}{"Body":{"stkCallback":{"MerchantRequestID":"7556-33174713-1","CheckoutRequestID":"ws_CO_12112021001153499813","ResultCode":1032,"ResultDesc":"Request cancelled by user"}}}
{"ResultCode":0,"ResultDesc":"Confirmation recieved successfu"}{"Body":{"stkCallback":{"MerchantRequestID":"7559-33175840-1","CheckoutRequestID":"ws_CO_12112021001349072469","ResultCode":1032,"ResultDesc":"Request cancelled by user"}}}
{"ResultCode":0,"ResultDesc":"Confirmation recieved successfu"}{"Body":{"stkCallback":{"MerchantRequestID":"102252-11794544-1","CheckoutRequestID":"ws_CO_12112021002134952661","ResultCode":1032,"ResultDesc":"Request cancelled by user"}}}
{"ResultCode":0,"ResultDesc":"Confirmation recieved successfu"}{"Body":{"stkCallback":{"MerchantRequestID":"23717-11421373-1","CheckoutRequestID":"ws_CO_12112021002253732505","ResultCode":1032,"ResultDesc":"Request cancelled by user"}}}
{"ResultCode":0,"ResultDesc":"Confirmation recieved successfu"}{"Body":{"stkCallback":{"MerchantRequestID":"102250-11795360-1","CheckoutRequestID":"ws_CO_12112021002301782690","ResultCode":1032,"ResultDesc":"Request cancelled by user"}}}
{"ResultCode":0,"ResultDesc":"Confirmation recieved successfu"}{"Body":{"stkCallback":{"MerchantRequestID":"91856-34052635-1","CheckoutRequestID":"ws_CO_12112021002410105843","ResultCode":1032,"ResultDesc":"Request cancelled by user"}}}
{"ResultCode":0,"ResultDesc":"Confirmation recieved successfu"}{"Body":{"stkCallback":{"MerchantRequestID":"114381-11707002-1","CheckoutRequestID":"ws_CO_12112021002454920875","ResultCode":1032,"ResultDesc":"Request cancelled by user"}}}
{"ResultCode":0,"ResultDesc":"Confirmation recieved successfu"}{"Body":{"stkCallback":{"MerchantRequestID":"126787-34119324-1","CheckoutRequestID":"ws_CO_12112021002710788686","ResultCode":1032,"ResultDesc":"Request cancelled by user"}}}
{"ResultCode":0,"ResultDesc":"Confirmation recieved successfu"}{"Body":{"stkCallback":{"MerchantRequestID":"91861-34056392-1","CheckoutRequestID":"ws_CO_12112021003036367553","ResultCode":1032,"ResultDesc":"Request cancelled by user"}}}
{"ResultCode":0,"ResultDesc":"Confirmation recieved successfu"}{"Body":{"stkCallback":{"MerchantRequestID":"23281-34119912-1","CheckoutRequestID":"ws_CO_12112021003043797523","ResultCode":1032,"ResultDesc":"Request cancelled by user"}}}
{"ResultCode":0,"ResultDesc":"Confirmation recieved successfu"}{"Body":{"stkCallback":{"MerchantRequestID":"16191-5580796-1","CheckoutRequestID":"ws_CO_12112021003145671577","ResultCode":1032,"ResultDesc":"Request cancelled by user"}}}
{"ResultCode":0,"ResultDesc":"Confirmation recieved successfu"}{"Body":{"stkCallback":{"MerchantRequestID":"20634-11381380-1","CheckoutRequestID":"ws_CO_12112021003231266555","ResultCode":1032,"ResultDesc":"Request cancelled by user"}}}
{"ResultCode":0,"ResultDesc":"Confirmation recieved successfu"}{"Body":{"stkCallback":{"MerchantRequestID":"114380-11712140-1","CheckoutRequestID":"ws_CO_12112021003404718306","ResultCode":1032,"ResultDesc":"Request cancelled by user"}}}
{"ResultCode":0,"ResultDesc":"Confirmation recieved successfu"}{"Body":{"stkCallback":{"MerchantRequestID":"16181-5582103-1","CheckoutRequestID":"ws_CO_12112021003424111712","ResultCode":1032,"ResultDesc":"Request cancelled by user"}}}
{"ResultCode":0,"ResultDesc":"Confirmation recieved successfu"}{"Body":{"stkCallback":{"MerchantRequestID":"19880-11521227-1","CheckoutRequestID":"ws_CO_12112021003622049834","ResultCode":1032,"ResultDesc":"Request cancelled by user"}}}
{"ResultCode":0,"ResultDesc":"Confirmation recieved successfu"}{"Body":{"stkCallback":{"MerchantRequestID":"7563-33188954-1","CheckoutRequestID":"ws_CO_12112021003837052442","ResultCode":1032,"ResultDesc":"Request cancelled by user"}}}
{"ResultCode":0,"ResultDesc":"Confirmation recieved successfu"}{"Body":{"stkCallback":{"MerchantRequestID":"102257-11804066-1","CheckoutRequestID":"ws_CO_12112021003844306118","ResultCode":1032,"ResultDesc":"Request cancelled by user"}}}
{"ResultCode":0,"ResultDesc":"Confirmation recieved successfu"}{"Body":{"stkCallback":{"MerchantRequestID":"91860-34061110-1","CheckoutRequestID":"ws_CO_12112021003910922120","ResultCode":1032,"ResultDesc":"Request cancelled by user"}}}
{"ResultCode":0,"ResultDesc":"Confirmation recieved successfu"}{"Body":{"stkCallback":{"MerchantRequestID":"114365-11715626-1","CheckoutRequestID":"ws_CO_12112021004044459756","ResultCode":1032,"ResultDesc":"Request cancelled by user"}}}
{"ResultCode":0,"ResultDesc":"Confirmation recieved successfu"}{"Body":{"stkCallback":{"MerchantRequestID":"114369-11716133-1","CheckoutRequestID":"ws_CO_12112021004143757516","ResultCode":1032,"ResultDesc":"Request cancelled by user"}}}
{"ResultCode":0,"ResultDesc":"Confirmation recieved successfu"}{"Body":{"stkCallback":{"MerchantRequestID":"19890-11524268-1","CheckoutRequestID":"ws_CO_12112021004232868063","ResultCode":1032,"ResultDesc":"Request cancelled by user"}}}
{"ResultCode":0,"ResultDesc":"Confirmation recieved successfu"}{"Body":{"stkCallback":{"MerchantRequestID":"126795-34128552-1","CheckoutRequestID":"ws_CO_12112021004414907810","ResultCode":1032,"ResultDesc":"Request cancelled by user"}}}
{"ResultCode":0,"ResultDesc":"Confirmation recieved successfu"}{"Body":{"stkCallback":{"MerchantRequestID":"7561-33192238-1","CheckoutRequestID":"ws_CO_12112021004525703577","ResultCode":1032,"ResultDesc":"Request cancelled by user"}}}
{"ResultCode":0,"ResultDesc":"Confirmation recieved successfu"}{"Body":{"stkCallback":{"MerchantRequestID":"16171-5588029-1","CheckoutRequestID":"ws_CO_12112021004633937725","ResultCode":1032,"ResultDesc":"Request cancelled by user"}}}
{"ResultCode":0,"ResultDesc":"Confirmation recieved successfu"}{"Body":{"stkCallback":{"MerchantRequestID":"23727-11433313-1","CheckoutRequestID":"ws_CO_12112021004638745143","ResultCode":1032,"ResultDesc":"Request cancelled by user"}}}
{"ResultCode":0,"ResultDesc":"Confirmation recieved successfu"}{"Body":{"stkCallback":{"MerchantRequestID":"126789-34130167-1","CheckoutRequestID":"ws_CO_12112021004722063737","ResultCode":1032,"ResultDesc":"Request cancelled by user"}}}
{"ResultCode":0,"ResultDesc":"Confirmation recieved successfu"}{"Body":{"stkCallback":{"MerchantRequestID":"91855-34066069-1","CheckoutRequestID":"ws_CO_12112021004820529310","ResultCode":1032,"ResultDesc":"Request cancelled by user"}}}
{"ResultCode":0,"ResultDesc":"Confirmation recieved successfu"}{"Body":{"stkCallback":{"MerchantRequestID":"91857-34067497-1","CheckoutRequestID":"ws_CO_12112021005103121711","ResultCode":1032,"ResultDesc":"Request cancelled by user"}}}
{"ResultCode":0,"ResultDesc":"Confirmation recieved successfu"}{"Body":{"stkCallback":{"MerchantRequestID":"23716-11436139-1","CheckoutRequestID":"ws_CO_12112021005231141520","ResultCode":1032,"ResultDesc":"Request cancelled by user"}}}
{"ResultCode":0,"ResultDesc":"Confirmation recieved successfu"}{"Body":{"stkCallback":{"MerchantRequestID":"39676-11889912-1","CheckoutRequestID":"ws_CO_12112021005317300889","ResultCode":1032,"ResultDesc":"Request cancelled by user"}}}
{"ResultCode":0,"ResultDesc":"Confirmation recieved successfu"}{"Body":{"stkCallback":{"MerchantRequestID":"102262-11812305-1","CheckoutRequestID":"ws_CO_12112021005434454483","ResultCode":1032,"ResultDesc":"Request cancelled by user"}}}
{"ResultCode":0,"ResultDesc":"Confirmation recieved successfu"}{"Body":{"stkCallback":{"MerchantRequestID":"23718-11440547-1","CheckoutRequestID":"ws_CO_12112021010207082558","ResultCode":1032,"ResultDesc":"Request cancelled by user"}}}
{"ResultCode":0,"ResultDesc":"Confirmation recieved successfu"}{"Body":{"stkCallback":{"MerchantRequestID":"16177-5596708-1","CheckoutRequestID":"ws_CO_12112021010523125611","ResultCode":1032,"ResultDesc":"Request cancelled by user"}}}
{"ResultCode":0,"ResultDesc":"Confirmation recieved successfu"}{"Body":{"stkCallback":{"MerchantRequestID":"91851-34076196-1","CheckoutRequestID":"ws_CO_12112021010836609684","ResultCode":1,"ResultDesc":"The balance is insufficient for the transaction"}}}
{"ResultCode":0,"ResultDesc":"Confirmation recieved successfu"}{"Body":{"stkCallback":{"MerchantRequestID":"114373-11729416-1","CheckoutRequestID":"ws_CO_12112021010849713893","ResultCode":1,"ResultDesc":"The balance is insufficient for the transaction"}}}
{"ResultCode":0,"ResultDesc":"Confirmation recieved successfu"}{"Body":{"stkCallback":{"MerchantRequestID":"20635-11398492-1","CheckoutRequestID":"ws_CO_12112021010910760737","ResultCode":1,"ResultDesc":"The balance is insufficient for the transaction"}}}
{"ResultCode":0,"ResultDesc":"Confirmation recieved successfu"}{"Body":{"stkCallback":{"MerchantRequestID":"114376-11729802-1","CheckoutRequestID":"ws_CO_12112021010943093568","ResultCode":1,"ResultDesc":"The balance is insufficient for the transaction"}}}
{"ResultCode":0,"ResultDesc":"Confirmation recieved successfu"}{"Body":{"stkCallback":{"MerchantRequestID":"23275-34139331-1","CheckoutRequestID":"ws_CO_12112021011245871701","ResultCode":1,"ResultDesc":"The balance is insufficient for the transaction"}}}
{"ResultCode":0,"ResultDesc":"Confirmation recieved successfu"}{"Body":{"stkCallback":{"MerchantRequestID":"7574-33205031-1","CheckoutRequestID":"ws_CO_12112021011413621752","ResultCode":1,"ResultDesc":"The balance is insufficient for the transaction"}}}
{"ResultCode":0,"ResultDesc":"Confirmation recieved successfu"}{"Body":{"stkCallback":{"MerchantRequestID":"7564-33205151-1","CheckoutRequestID":"ws_CO_12112021011431097486","ResultCode":1032,"ResultDesc":"Request cancelled by user"}}}
{"ResultCode":0,"ResultDesc":"Confirmation recieved successfu"}{"Body":{"stkCallback":{"MerchantRequestID":"19870-11541784-1","CheckoutRequestID":"ws_CO_12112021012226640859","ResultCode":1032,"ResultDesc":"Request cancelled by user"}}}
{"ResultCode":0,"ResultDesc":"Confirmation recieved successfu"}{"Body":{"stkCallback":{"MerchantRequestID":"7560-33210607-1","CheckoutRequestID":"ws_CO_12112021012748056750","ResultCode":0,"ResultDesc":"The service request is processed successfully.","CallbackMetadata":{"Item":[{"Name":"Amount","Value":5.00},{"Name":"MpesaReceiptNumber","Value":"PKC4JANOKI"},{"Name":"Balance"},{"Name":"TransactionDate","Value":20211112012757},{"Name":"PhoneNumber","Value":254743996757}]}}}}
{"ResultCode":0,"ResultDesc":"Confirmation recieved successfu"}{
            "TransactionType": "Pay Bill",
            "TransID": "PKC4JANOKI",
            "TransTime": "20211112012757",
            "TransAmount": "5.00",
            "BusinessShortCode": "7290377",
            "BillRefNumber": "KAA123",
            "InvoiceNumber": "",
            "OrgAccountBalance": "488.00",
            "ThirdPartyTransID": "",
            "MSISDN": "254743996757",
            "FirstName": "Erick",
            "MiddleName": "Soi",
            "LastName": "Ngumbau"
        }
        
{"ResultCode":0,"ResultDesc":"Confirmation recieved successfu"}{"Body":{"stkCallback":{"MerchantRequestID":"19869-11544383-1","CheckoutRequestID":"ws_CO_12112021012832045192","ResultCode":1032,"ResultDesc":"Request cancelled by user"}}}
{"ResultCode":0,"ResultDesc":"Confirmation recieved successfu"}{"Body":{"stkCallback":{"MerchantRequestID":"16191-5801140-1","CheckoutRequestID":"ws_CO_12112021075140320685","ResultCode":0,"ResultDesc":"The service request is processed successfully.","CallbackMetadata":{"Item":[{"Name":"Amount","Value":5.00},{"Name":"MpesaReceiptNumber","Value":"PKC3JEGWQB"},{"Name":"Balance"},{"Name":"TransactionDate","Value":20211112075152},{"Name":"PhoneNumber","Value":254722301062}]}}}}
{"ResultCode":0,"ResultDesc":"Confirmation recieved successfu"}{
            "TransactionType": "Pay Bill",
            "TransID": "PKC3JEGWQB",
            "TransTime": "20211112075152",
            "TransAmount": "5.00",
            "BusinessShortCode": "7290377",
            "BillRefNumber": "KAA 666G",
            "InvoiceNumber": "",
            "OrgAccountBalance": "491.00",
            "ThirdPartyTransID": "",
            "MSISDN": "254722301062",
            "FirstName": "KENNEDY",
            "MiddleName": "OTIENO",
            "LastName": "NYAGA"
        }
        
{"ResultCode":0,"ResultDesc":"Confirmation recieved successfu"}{
            "TransactionType": "Pay Bill",
            "TransID": "PKC0JJYEMC",
            "TransTime": "20211112095113",
            "TransAmount": "5.00",
            "BusinessShortCode": "7290377",
            "BillRefNumber": "KAA 123",
            "InvoiceNumber": "",
            "OrgAccountBalance": "495.00",
            "ThirdPartyTransID": "",
            "MSISDN": "254743996757",
            "FirstName": "Erick",
            "MiddleName": "Soi",
            "LastName": "Ngumbau"
        }
        
{"ResultCode":0,"ResultDesc":"Confirmation recieved successfu"}{"Body":{"stkCallback":{"MerchantRequestID":"91863-34473927-1","CheckoutRequestID":"ws_CO_12112021095104309698","ResultCode":0,"ResultDesc":"The service request is processed successfully.","CallbackMetadata":{"Item":[{"Name":"Amount","Value":5.00},{"Name":"MpesaReceiptNumber","Value":"PKC0JJYEMC"},{"Name":"Balance"},{"Name":"TransactionDate","Value":20211112095113},{"Name":"PhoneNumber","Value":254743996757}]}}}}
{"ResultCode":0,"ResultDesc":"Confirmation recieved successfu"}{"Body":{"stkCallback":{"MerchantRequestID":"126781-34606497-1","CheckoutRequestID":"ws_CO_12112021103842771835","ResultCode":0,"ResultDesc":"The service request is processed successfully.","CallbackMetadata":{"Item":[{"Name":"Amount","Value":5.00},{"Name":"MpesaReceiptNumber","Value":"PKC9JMEPPT"},{"Name":"Balance"},{"Name":"TransactionDate","Value":20211112103854},{"Name":"PhoneNumber","Value":254743996757}]}}}}
{"ResultCode":0,"ResultDesc":"Confirmation recieved successfu"}{
            "TransactionType": "Pay Bill",
            "TransID": "PKC9JMEPPT",
            "TransTime": "20211112103854",
            "TransAmount": "5.00",
            "BusinessShortCode": "7290377",
            "BillRefNumber": "KAA 009",
            "InvoiceNumber": "",
            "OrgAccountBalance": "499.00",
            "ThirdPartyTransID": "",
            "MSISDN": "254743996757",
            "FirstName": "Erick",
            "MiddleName": "Soi",
            "LastName": "Ngumbau"
        }
        
{"ResultCode":0,"ResultDesc":"Confirmation recieved successfu"}{"Body":{"stkCallback":{"MerchantRequestID":"23251-35745670-1","CheckoutRequestID":"ws_CO_12112021202444702410","ResultCode":0,"ResultDesc":"The service request is processed successfully.","CallbackMetadata":{"Item":[{"Name":"Amount","Value":5.00},{"Name":"MpesaReceiptNumber","Value":"PKC4KOC1O8"},{"Name":"Balance"},{"Name":"TransactionDate","Value":20211112202459},{"Name":"PhoneNumber","Value":254723775289}]}}}}
{"ResultCode":0,"ResultDesc":"Confirmation recieved successfu"}{
            "TransactionType": "Pay Bill",
            "TransID": "PKC4KOC1O8",
            "TransTime": "20211112202459",
            "TransAmount": "5.00",
            "BusinessShortCode": "7290377",
            "BillRefNumber": "KAA 009K",
            "InvoiceNumber": "",
            "OrgAccountBalance": "503.00",
            "ThirdPartyTransID": "",
            "MSISDN": "254723775289",
            "FirstName": "FREDRICK",
            "MiddleName": "ODHIAMBO",
            "LastName": "NYAGA"
        }
        
{"ResultCode":0,"ResultDesc":"Confirmation recieved successfu"}{"Body":{"stkCallback":{"MerchantRequestID":"126793-35800127-1","CheckoutRequestID":"ws_CO_12112021203057896288","ResultCode":0,"ResultDesc":"The service request is processed successfully.","CallbackMetadata":{"Item":[{"Name":"Amount","Value":5.00},{"Name":"MpesaReceiptNumber","Value":"PKC5KORNDD"},{"Name":"Balance"},{"Name":"TransactionDate","Value":20211112203108},{"Name":"PhoneNumber","Value":254722301062}]}}}}
{"ResultCode":0,"ResultDesc":"Confirmation recieved successfu"}{
            "TransactionType": "Pay Bill",
            "TransID": "PKC5KORNDD",
            "TransTime": "20211112203108",
            "TransAmount": "5.00",
            "BusinessShortCode": "7290377",
            "BillRefNumber": "KAA 999J",
            "InvoiceNumber": "",
            "OrgAccountBalance": "507.00",
            "ThirdPartyTransID": "",
            "MSISDN": "254722301062",
            "FirstName": "KENNEDY",
            "MiddleName": "OTIENO",
            "LastName": "NYAGA"
        }
        
{"ResultCode":0,"ResultDesc":"Confirmation recieved successfu"}{
            "TransactionType": "Pay Bill",
            "TransID": "PKF7ORQ6H7",
            "TransTime": "20211115154647",
            "TransAmount": "5.00",
            "BusinessShortCode": "7290377",
            "BillRefNumber": "KAA 000A",
            "InvoiceNumber": "",
            "OrgAccountBalance": "511.00",
            "ThirdPartyTransID": "",
            "MSISDN": "254722301062",
            "FirstName": "KENNEDY",
            "MiddleName": "OTIENO",
            "LastName": "NYAGA"
        }
        
{"ResultCode":0,"ResultDesc":"Confirmation recieved successfu"}{"Body":{"stkCallback":{"MerchantRequestID":"7551-39967546-1","CheckoutRequestID":"ws_CO_15112021154635537620","ResultCode":0,"ResultDesc":"The service request is processed successfully.","CallbackMetadata":{"Item":[{"Name":"Amount","Value":5.00},{"Name":"MpesaReceiptNumber","Value":"PKF7ORQ6H7"},{"Name":"Balance"},{"Name":"TransactionDate","Value":20211115154647},{"Name":"PhoneNumber","Value":254722301062}]}}}}
{"ResultCode":0,"ResultDesc":"Confirmation recieved successfu"}{"Body":{"stkCallback":{"MerchantRequestID":"16174-13105404-1","CheckoutRequestID":"ws_CO_15112021214618631579","ResultCode":0,"ResultDesc":"The service request is processed successfully.","CallbackMetadata":{"Item":[{"Name":"Amount","Value":5.00},{"Name":"MpesaReceiptNumber","Value":"PKF4PH6VVY"},{"Name":"Balance"},{"Name":"TransactionDate","Value":20211115214640},{"Name":"PhoneNumber","Value":254743996757}]}}}}
{"ResultCode":0,"ResultDesc":"Confirmation recieved successfu"}{
            "TransactionType": "Pay Bill",
            "TransID": "PKF4PH6VVY",
            "TransTime": "20211115214640",
            "TransAmount": "5.00",
            "BusinessShortCode": "7290377",
            "BillRefNumber": "KAA 000A",
            "InvoiceNumber": "",
            "OrgAccountBalance": "515.00",
            "ThirdPartyTransID": "",
            "MSISDN": "254743996757",
            "FirstName": "Erick",
            "MiddleName": "Soi",
            "LastName": "Ngumbau"
        }
        
{"ResultCode":0,"ResultDesc":"Confirmation recieved successfu"}